<?xml version="1.0" encoding="UTF-8"?>
<!-- Generated by org.testng.reporters.JUnitXMLReporter -->
<testsuite hostname="GCTHW5H2E" ignored="13" name="Test" tests="1" failures="1" timestamp="09 Feb 2018 11:07:08 GMT" time="201.633" errors="0">
  <testcase name="dcImmediateDispatchProcess" time="102.368" classname="org.ge.dctests.DC_PRTTest">
    <failure type="org.openqa.selenium.NoSuchElementException" message="Unable to locate element: //tr[@class=&amp;apos;dataRow even first&amp;apos;]/td[3]/select
For documentation on this error, please visit: http://seleniumhq.org/exceptions/no_such_element.html
Build info: version: &amp;apos;3.7.1&amp;apos;, revision: &amp;apos;8a0099a&amp;apos;, time: &amp;apos;2017-11-06T21:01:39.354Z&amp;apos;
System info: host: &amp;apos;GCTHW5H2E&amp;apos;, ip: &amp;apos;192.168.1.130&amp;apos;, os.name: &amp;apos;Windows 10&amp;apos;, os.arch: &amp;apos;amd64&amp;apos;, os.version: &amp;apos;10.0&amp;apos;, java.version: &amp;apos;1.8.0_144&amp;apos;
Driver info: org.openqa.selenium.firefox.FirefoxDriver
Capabilities {acceptInsecureCerts: true, browserName: firefox, browserVersion: 57.0.4, javascriptEnabled: true, moz:accessibilityChecks: false, moz:headless: false, moz:processID: 17364, moz:profile: C:\Users\212672444\AppData\..., moz:webdriverClick: false, pageLoadStrategy: normal, platform: XP, platformName: XP, platformVersion: 10.0, rotatable: false, timeouts: {implicit: 0, pageLoad: 300000, script: 30000}}
Session ID: ca787586-d734-4902-b1f6-801e7b9874cc
*** Element info: {Using=xpath, value=//tr[@class=&amp;apos;dataRow even first&amp;apos;]/td[3]/select}">
      <![CDATA[org.openqa.selenium.NoSuchElementException: Unable to locate element: //tr[@class='dataRow even first']/td[3]/selectFor documentation on this error, please visit: http://seleniumhq.org/exceptions/no_such_element.htmlBuild info: version: '3.7.1', revision: '8a0099a', time: '2017-11-06T21:01:39.354Z'System info: host: 'GCTHW5H2E', ip: '192.168.1.130', os.name: 'Windows 10', os.arch: 'amd64', os.version: '10.0', java.version: '1.8.0_144'Driver info: org.openqa.selenium.firefox.FirefoxDriverCapabilities {acceptInsecureCerts: true, browserName: firefox, browserVersion: 57.0.4, javascriptEnabled: true, moz:accessibilityChecks: false, moz:headless: false, moz:processID: 17364, moz:profile: C:\Users\212672444\AppData\..., moz:webdriverClick: false, pageLoadStrategy: normal, platform: XP, platformName: XP, platformVersion: 10.0, rotatable: false, timeouts: {implicit: 0, pageLoad: 300000, script: 30000}}Session ID: ca787586-d734-4902-b1f6-801e7b9874cc*** Element info: {Using=xpath, value=//tr[@class='dataRow even first']/td[3]/select}at org.openqa.selenium.remote.http.W3CHttpResponseCodec.createException(W3CHttpResponseCodec.java:187)at org.openqa.selenium.remote.http.W3CHttpResponseCodec.decode(W3CHttpResponseCodec.java:122)at org.openqa.selenium.remote.http.W3CHttpResponseCodec.decode(W3CHttpResponseCodec.java:49)at org.openqa.selenium.remote.HttpCommandExecutor.execute(HttpCommandExecutor.java:164)at org.openqa.selenium.remote.service.DriverCommandExecutor.execute(DriverCommandExecutor.java:83)at org.openqa.selenium.remote.RemoteWebDriver.execute(RemoteWebDriver.java:600)at org.openqa.selenium.remote.RemoteWebDriver.findElement(RemoteWebDriver.java:370)at org.openqa.selenium.remote.RemoteWebDriver.findElementByXPath(RemoteWebDriver.java:472)at org.openqa.selenium.By$ByXPath.findElement(By.java:361)at org.openqa.selenium.remote.RemoteWebDriver.findElement(RemoteWebDriver.java:362)at org.openqa.selenium.support.pagefactory.DefaultElementLocator.findElement(DefaultElementLocator.java:69)at org.openqa.selenium.support.pagefactory.internal.LocatingElementHandler.invoke(LocatingElementHandler.java:38)at com.sun.proxy.$Proxy9.getTagName(Unknown Source)at org.openqa.selenium.support.ui.Select.<init>(Select.java:44)at org.ge.pageobjects.DC_ServiceMaxSetupPage.createImmediateDispatchProcess(DC_ServiceMaxSetupPage.java:824)at org.ge.dctests.DC_PRTTest.dcImmediateDispatchProcess(DC_PRTTest.java:602)... Removed 32 stack frames]]>
    </failure>
  </testcase> <!-- dcImmediateDispatchProcess -->
  <testcase name="dcEventSubjectRule" time="0.0" classname="org.ge.dctests.DC_PRTTest">
    <ignored/>
  </testcase> <!-- dcEventSubjectRule -->
  <testcase name="createChildTerritory" time="0.0" classname="org.ge.dctests.DC_PRTTest">
    <ignored/>
  </testcase> <!-- createChildTerritory -->
  <testcase name="addDispatcherforTerritory" time="0.0" classname="org.ge.dctests.DC_PRTTest">
    <ignored/>
  </testcase> <!-- addDispatcherforTerritory -->
  <testcase name="createTech" time="0.0" classname="org.ge.dctests.DC_PRTTest">
    <ignored/>
  </testcase> <!-- createTech -->
  <testcase name="createTerritory" time="0.0" classname="org.ge.dctests.DC_PRTTest">
    <ignored/>
  </testcase> <!-- createTerritory -->
  <testcase name="locateTechMapRoute" time="0.0" classname="org.ge.dctests.DC_PRTTest">
    <ignored/>
  </testcase> <!-- locateTechMapRoute -->
  <testcase name="createTerritoryCoverage" time="0.0" classname="org.ge.dctests.DC_PRTTest">
    <ignored/>
  </testcase> <!-- createTerritoryCoverage -->
  <testcase name="dcEventFieldUpdatesRule" time="0.0" classname="org.ge.dctests.DC_PRTTest">
    <ignored/>
  </testcase> <!-- dcEventFieldUpdatesRule -->
  <testcase name="createEvent" time="0.0" classname="org.ge.dctests.DC_PRTTest">
    <ignored/>
  </testcase> <!-- createEvent -->
  <testcase name="createTerritoryAddCoverage" time="0.0" classname="org.ge.dctests.DC_PRTTest">
    <ignored/>
  </testcase> <!-- createTerritoryAddCoverage -->
  <testcase name="createTeam" time="0.0" classname="org.ge.dctests.DC_PRTTest">
    <ignored/>
  </testcase> <!-- createTeam -->
  <testcase name="dcEventHoverRule" time="0.0" classname="org.ge.dctests.DC_PRTTest">
    <ignored/>
  </testcase> <!-- dcEventHoverRule -->
  <testcase name="addDispatcherforTeam" time="0.0" classname="org.ge.dctests.DC_PRTTest">
    <ignored/>
  </testcase> <!-- addDispatcherforTeam -->
</testsuite> <!-- Test -->
