<?xml version="1.0" encoding="UTF-8"?>
<testsuite xmlns:xsi="http://www.w3.org/2001/XMLSchema-instance" xsi:schemaLocation="https://maven.apache.org/surefire/maven-surefire-plugin/xsd/surefire-test-report.xsd" name="TestSuite" time="202.218" tests="1" errors="0" skipped="0" failures="1">
  <properties>
    <property name="java.runtime.name" value="Java(TM) SE Runtime Environment"/>
    <property name="sun.boot.library.path" value="C:\Program Files\Java\jdk1.8.0_144\jre\bin"/>
    <property name="java.vm.version" value="25.144-b01"/>
    <property name="java.vm.vendor" value="Oracle Corporation"/>
    <property name="maven.multiModuleProjectDirectory" value="C:\Users\212672444\Desktop\Auto_DC\AutoWorkSpace\dc-automation"/>
    <property name="java.vendor.url" value="http://java.oracle.com/"/>
    <property name="path.separator" value=";"/>
    <property name="guice.disable.misplaced.annotation.check" value="true"/>
    <property name="java.vm.name" value="Java HotSpot(TM) 64-Bit Server VM"/>
    <property name="file.encoding.pkg" value="sun.io"/>
    <property name="user.script" value=""/>
    <property name="user.country" value="US"/>
    <property name="sun.java.launcher" value="SUN_STANDARD"/>
    <property name="sun.os.patch.level" value=""/>
    <property name="java.vm.specification.name" value="Java Virtual Machine Specification"/>
    <property name="user.dir" value="C:\Users\212672444\Desktop\Auto_DC\AutoWorkSpace\dc-automation"/>
    <property name="java.runtime.version" value="1.8.0_144-b01"/>
    <property name="java.awt.graphicsenv" value="sun.awt.Win32GraphicsEnvironment"/>
    <property name="java.endorsed.dirs" value="C:\Program Files\Java\jdk1.8.0_144\jre\lib\endorsed"/>
    <property name="os.arch" value="amd64"/>
    <property name="java.io.tmpdir" value="C:\Users\212672~1\AppData\Local\Temp\"/>
    <property name="line.separator" value="&#10;"/>
    <property name="java.vm.specification.vendor" value="Oracle Corporation"/>
    <property name="user.variant" value=""/>
    <property name="os.name" value="Windows 10"/>
    <property name="classworlds.conf" value="C:\Users\212672444\Desktop\Auto_DC\.metadata\.plugins\org.eclipse.m2e.launching\launches\m2conf7022135028296241592.tmp"/>
    <property name="sun.jnu.encoding" value="Cp1252"/>
    <property name="java.library.path" value="C:\Program Files\Java\jdk1.8.0_144\bin;C:\Windows\Sun\Java\bin;C:\Windows\system32;C:\Windows;C:/Program Files/Java/jre1.8.0_144/bin/server;C:/Program Files/Java/jre1.8.0_144/bin;C:/Program Files/Java/jre1.8.0_144/lib/amd64;C:\ProgramData\Oracle\Java\javapath;C:\Windows\system32;C:\Windows;C:\Windows\System32\Wbem;C:\Windows\System32\WindowsPowerShell\v1.0\;C:\Program Files (x86)\Sennheiser\SoftphoneSDK\;C:\Program Files\Java\jdk1.8.0_144\bin;C:\Program Files\Git\cmd;C:\Program Files\PuTTY\;C:\Users\212672444\AppData\Local\Microsoft\WindowsApps;C:\Users\212672444\AppData\Local\Box\Box Edit\;C:\Windows\System32;;."/>
    <property name="java.specification.name" value="Java Platform API Specification"/>
    <property name="java.class.version" value="52.0"/>
    <property name="sun.management.compiler" value="HotSpot 64-Bit Tiered Compilers"/>
    <property name="os.version" value="10.0"/>
    <property name="user.home" value="C:\Users\212672444"/>
    <property name="user.timezone" value="Asia/Calcutta"/>
    <property name="java.awt.printerjob" value="sun.awt.windows.WPrinterJob"/>
    <property name="java.specification.version" value="1.8"/>
    <property name="file.encoding" value="Cp1252"/>
    <property name="user.name" value="212672444"/>
    <property name="java.class.path" value="/C:/Users/212672444/eclipse/jee-oxygen/eclipse/../../../.p2/pool/plugins/org.eclipse.m2e.maven.runtime_1.8.1.20170728-1531/jars/plexus-classworlds-2.5.2.jar"/>
    <property name="java.vm.specification.version" value="1.8"/>
    <property name="sun.arch.data.model" value="64"/>
    <property name="java.home" value="C:\Program Files\Java\jdk1.8.0_144\jre"/>
    <property name="sun.java.command" value="org.codehaus.plexus.classworlds.launcher.Launcher -B test"/>
    <property name="java.specification.vendor" value="Oracle Corporation"/>
    <property name="user.language" value="en"/>
    <property name="awt.toolkit" value="sun.awt.windows.WToolkit"/>
    <property name="java.vm.info" value="mixed mode"/>
    <property name="java.version" value="1.8.0_144"/>
    <property name="java.ext.dirs" value="C:\Program Files\Java\jdk1.8.0_144\jre\lib\ext;C:\Windows\Sun\Java\lib\ext"/>
    <property name="sun.boot.class.path" value="C:\Program Files\Java\jdk1.8.0_144\jre\lib\resources.jar;C:\Program Files\Java\jdk1.8.0_144\jre\lib\rt.jar;C:\Program Files\Java\jdk1.8.0_144\jre\lib\sunrsasign.jar;C:\Program Files\Java\jdk1.8.0_144\jre\lib\jsse.jar;C:\Program Files\Java\jdk1.8.0_144\jre\lib\jce.jar;C:\Program Files\Java\jdk1.8.0_144\jre\lib\charsets.jar;C:\Program Files\Java\jdk1.8.0_144\jre\lib\jfr.jar;C:\Program Files\Java\jdk1.8.0_144\jre\classes"/>
    <property name="java.vendor" value="Oracle Corporation"/>
    <property name="maven.home" value="C:\Users\212672444\Desktop\Auto_DC\AutoWorkSpace\dc-automation\EMBEDDED"/>
    <property name="file.separator" value="\"/>
    <property name="java.vendor.url.bug" value="http://bugreport.sun.com/bugreport/"/>
    <property name="sun.cpu.endian" value="little"/>
    <property name="sun.io.unicode.encoding" value="UnicodeLittle"/>
    <property name="sun.desktop" value="windows"/>
    <property name="sun.cpu.isalist" value="amd64"/>
  </properties>
  <testcase name="dcImmediateDispatchProcess" classname="org.ge.dctests.DC_PRTTest" time="102.38">
    <failure message="Unable to locate element: //tr[@class=&apos;dataRow even first&apos;]/td[3]/select&#10;For documentation on this error, please visit: http://seleniumhq.org/exceptions/no_such_element.html&#10;Build info: version: &apos;3.7.1&apos;, revision: &apos;8a0099a&apos;, time: &apos;2017-11-06T21:01:39.354Z&apos;&#10;System info: host: &apos;GCTHW5H2E&apos;, ip: &apos;192.168.1.130&apos;, os.name: &apos;Windows 10&apos;, os.arch: &apos;amd64&apos;, os.version: &apos;10.0&apos;, java.version: &apos;1.8.0_144&apos;&#10;Driver info: org.openqa.selenium.firefox.FirefoxDriver&#10;Capabilities {acceptInsecureCerts: true, browserName: firefox, browserVersion: 57.0.4, javascriptEnabled: true, moz:accessibilityChecks: false, moz:headless: false, moz:processID: 17364, moz:profile: C:\Users\212672444\AppData\..., moz:webdriverClick: false, pageLoadStrategy: normal, platform: XP, platformName: XP, platformVersion: 10.0, rotatable: false, timeouts: {implicit: 0, pageLoad: 300000, script: 30000}}&#10;Session ID: ca787586-d734-4902-b1f6-801e7b9874cc&#10;*** Element info: {Using=xpath, value=//tr[@class=&apos;dataRow even first&apos;]/td[3]/select}" type="org.openqa.selenium.NoSuchElementException">org.openqa.selenium.NoSuchElementException: 
Unable to locate element: //tr[@class='dataRow even first']/td[3]/select
For documentation on this error, please visit: http://seleniumhq.org/exceptions/no_such_element.html
Build info: version: '3.7.1', revision: '8a0099a', time: '2017-11-06T21:01:39.354Z'
System info: host: 'GCTHW5H2E', ip: '192.168.1.130', os.name: 'Windows 10', os.arch: 'amd64', os.version: '10.0', java.version: '1.8.0_144'
Driver info: org.openqa.selenium.firefox.FirefoxDriver
Capabilities {acceptInsecureCerts: true, browserName: firefox, browserVersion: 57.0.4, javascriptEnabled: true, moz:accessibilityChecks: false, moz:headless: false, moz:processID: 17364, moz:profile: C:\Users\212672444\AppData\..., moz:webdriverClick: false, pageLoadStrategy: normal, platform: XP, platformName: XP, platformVersion: 10.0, rotatable: false, timeouts: {implicit: 0, pageLoad: 300000, script: 30000}}
Session ID: ca787586-d734-4902-b1f6-801e7b9874cc
*** Element info: {Using=xpath, value=//tr[@class='dataRow even first']/td[3]/select}
	at org.ge.dctests.DC_PRTTest.dcImmediateDispatchProcess(DC_PRTTest.java:602)
</failure>
    <system-out><![CDATA[Firefox is set
Firefox is set with flash enabled
login
AccessToken: 00Dq00000000nRN!ARAAQLd3q1nXMEQChuAaIg6G3r.w_KWRLV0GX2aqMKPScPDBOzuO_kZi0u8Ps6SSVebZKBwQCYpucZQjILpDnMQj..U8lKKg
]]></system-out>
    <system-err><![CDATA[1518174227326	geckodriver	INFO	geckodriver 0.19.1
1518174227365	geckodriver	INFO	Listening on 127.0.0.1:46593
1518174227995	mozrunner::runner	INFO	Running command: "C:\\Program Files\\Mozilla Firefox\\firefox.exe" "-marionette" "-profile" "C:\\Users\\212672~1\\AppData\\Local\\Temp\\rust_mozprofile.xNUzQYVtudef"
1518174229523	Marionette	INFO	Enabled via --marionette
Unable to read VR Path Registry from C:\Users\212672444\AppData\Local\openvr\openvrpaths.vrpath
[Parent 17364, Gecko_IOThread] WARNING: pipe error: 109: file z:/build/build/src/ipc/chromium/src/chrome/common/ipc_channel_win.cc, line 346
Unable to read VR Path Registry from C:\Users\212672444\AppData\Local\openvr\openvrpaths.vrpath
[Child 17596, Chrome_ChildThread] WARNING: pipe error: 109: file z:/build/build/src/ipc/chromium/src/chrome/common/ipc_channel_win.cc, line 346
[Child 17596, Chrome_ChildThread] WARNING: pipe error: 109: file z:/build/build/src/ipc/chromium/src/chrome/common/ipc_channel_win.cc, line 346
1518174231743	Marionette	INFO	Listening on port 54172
1518174232292	Marionette	WARN	TLS certificate errors will be ignored for this session
1518174232356	Marionette	DEBUG	Register listener.js for window 4294967297
Feb 09, 2018 4:33:52 PM org.openqa.selenium.remote.ProtocolHandshake createSession
INFO: Detected dialect: W3C
1518174232431	Marionette	DEBUG	Received DOM event "beforeunload" for "about:blank"
1518174233682	Marionette	DEBUG	Received DOM event "pagehide" for "about:blank"
1518174233683	Marionette	DEBUG	Received DOM event "unload" for "about:blank"
1518174234739	Marionette	DEBUG	Received DOM event "DOMContentLoaded" for "https://test.salesforce.com/"
1518174236246	Marionette	DEBUG	Received DOM event "pageshow" for "https://test.salesforce.com/"
1518174245032	Marionette	DEBUG	Received DOM event "beforeunload" for "https://test.salesforce.com/"
1518174248335	Marionette	DEBUG	Received DOM event "pagehide" for "https://test.salesforce.com/"
1518174248336	Marionette	DEBUG	Received DOM event "unload" for "https://test.salesforce.com/"
1518174248359	Marionette	DEBUG	Received observer notification "outer-window-destroyed" for "4294967307"
1518174248359	Marionette	DEBUG	Received observer notification "outer-window-destroyed" for "4294967301"
1518174248360	Marionette	DEBUG	Received observer notification "outer-window-destroyed" for "4294967302"
1518174248952	Marionette	DEBUG	Received DOM event "DOMContentLoaded" for "https://c.cs21.content.force.com/secur/contentDoor?startURL=%2Fhome%2Fhome.jsp&sid=00Dq00000000nRN%21ARAAQLHT2QdWcMTq9hQNCuCpY_w3RsvUn_bwe9WDeNGIxNnCYgQPbsrCMhaWOdES8SMB0mSD7e7Y_8BQxNHne5djxvCfTNM.&skipRedirect=1&lm=eyJlbmMiOiJBMjU2R0NNIiwiYXVkIjoiMDBEcTAwMDAwMDAwblJOIiwia2lkIjoie1widFwiOlwiMDBEcTAwMDAwMDAwblJOXCIsXCJ2XCI6XCIwMkdxMDAwMDAwMDRwaHpcIixcImFcIjpcImNvbnRlbnRkb29ydXNlcnRyYW5zaWVudGtleWVuY3J5cHRcIixcInVcIjpcIjAwNXEwMDAwMDAzUHkxUlwifSIsImNyaXQiOlsiaWF0Il0sImlhdCI6MTUxODE3NDEzOTg1MywiZXhwIjowfQ%3D%3D..c1mZq44MHk7MD6c_.Sf09I5utEvkTMRp64HKF6A%3D%3D.m4O222cinDW76bZ9i5rRBQ%3D%3D"
1518174248972	Marionette	DEBUG	Received DOM event "pageshow" for "https://c.cs21.content.force.com/secur/contentDoor?startURL=%2Fhome%2Fhome.jsp&sid=00Dq00000000nRN%21ARAAQLHT2QdWcMTq9hQNCuCpY_w3RsvUn_bwe9WDeNGIxNnCYgQPbsrCMhaWOdES8SMB0mSD7e7Y_8BQxNHne5djxvCfTNM.&skipRedirect=1&lm=eyJlbmMiOiJBMjU2R0NNIiwiYXVkIjoiMDBEcTAwMDAwMDAwblJOIiwia2lkIjoie1widFwiOlwiMDBEcTAwMDAwMDAwblJOXCIsXCJ2XCI6XCIwMkdxMDAwMDAwMDRwaHpcIixcImFcIjpcImNvbnRlbnRkb29ydXNlcnRyYW5zaWVudGtleWVuY3J5cHRcIixcInVcIjpcIjAwNXEwMDAwMDAzUHkxUlwifSIsImNyaXQiOlsiaWF0Il0sImlhdCI6MTUxODE3NDEzOTg1MywiZXhwIjowfQ%3D%3D..c1mZq44MHk7MD6c_.Sf09I5utEvkTMRp64HKF6A%3D%3D.m4O222cinDW76bZ9i5rRBQ%3D%3D"
1518174268018	addons.productaddons	ERROR	Request failed certificate checks: [Exception... "Certificate checks failed. See previous errors for details."  nsresult: "0x80070057 (NS_ERROR_ILLEGAL_VALUE)"  location: "JS frame :: resource://gre/modules/CertUtils.jsm :: validateCert :: line 113"  data: no]
Unable to read VR Path Registry from C:\Users\212672444\AppData\Local\openvr\openvrpaths.vrpath
JavaScript error: https://svmxc.cs21.visual.force.com/apex/CONF_SetupHome?id=005q0000003Py1R, line 89: ReferenceError: $ is not defined
1518174295530	Marionette	DEBUG	Canceled page load listener because no navigation has been detected
JavaScript error: https://svmxc.cs21.visual.force.com/apex/SVMXC__WORD_ManageDispatchProcess, line 50: TypeError: document.getElementById(...) is null
1518174341071	Marionette	DEBUG	Received DOM event "beforeunload" for "https://svmxc.cs21.visual.force.com/apex/SVMXC__WORD_ManageDispatchProcess"
1518174341501	Marionette	DEBUG	Received DOM event "pagehide" for "https://svmxc.cs21.visual.force.com/apex/SVMXC__WORD_ManageDispatchProcess"
1518174341506	Marionette	DEBUG	Received DOM event "unload" for "https://svmxc.cs21.visual.force.com/apex/SVMXC__WORD_ManageDispatchProcess"
1518174341521	Marionette	DEBUG	Received DOM event "pageshow" for "https://svmxc.cs21.visual.force.com/apex/WORD_ManageDispatchProcess"
1518174341530	Marionette	DEBUG	Received DOM event "DOMContentLoaded" for "https://svmxc.cs21.visual.force.com/apex/WORD_ManageDispatchProcess"
1518174341531	Marionette	DEBUG	Received observer notification "outer-window-destroyed" for "4294967334"
JavaScript error: https://svmxc.cs21.visual.force.com/apex/word_setupdispatchprocess, line 44: ReferenceError: JSENCODE is not defined
JavaScript error: https://svmxc.cs21.visual.force.com/apex/word_setupdispatchprocess, line 290: ReferenceError: JSENCODE is not defined
1518174343782	Marionette	DEBUG	Received DOM event "DOMContentLoaded" for "https://svmxc.cs21.visual.force.com/apex/word_setupdispatchprocess"
1518174344056	Marionette	DEBUG	Received DOM event "pageshow" for "https://svmxc.cs21.visual.force.com/apex/word_setupdispatchprocess"
JavaScript error: https://svmxc.cs21.visual.force.com/faces/a4j/g/3_3_3.Finalorg.ajax4jsf.javascript.AjaxScript line 81 > eval, line 67: TypeError: document.getElementById(...) is null
1518174348660	Marionette	DEBUG	Canceled page load listener because no navigation has been detected
JavaScript error: https://svmxc.cs21.visual.force.com/faces/a4j/g/3_3_3.Finalorg.ajax4jsf.javascript.AjaxScript line 81 > eval, line 67: TypeError: document.getElementById(...) is null
1518174357035	Marionette	DEBUG	Canceled page load listener because no navigation has been detected
]]></system-err>
  </testcase>
</testsuite>