<?xml version="1.0" encoding="UTF-8"?>
<!-- Generated by org.testng.reporters.JUnitReportReporter -->
<testsuite skipped="13" hostname="GCTHW5H2E" name="org.ge.dctests.DC_PRTTest" tests="14" failures="0" timestamp="09 Feb 2018 11:07:08 GMT" time="139.468" errors="1">
  <testcase name="dcImmediateDispatchProcess" time="139.468" classname="org.ge.dctests.DC_PRTTest">
    <error type="org.openqa.selenium.NoSuchElementException" message="Unable to locate element: //tr[@class=&#039;dataRow even first&#039;]/td[3]/select
For documentation on this error, please visit: http://seleniumhq.org/exceptions/no_such_element.html
Build info: version: &#039;3.7.1&#039;, revision: &#039;8a0099a&#039;, time: &#039;2017-11-06T21:01:39.354Z&#039;
System info: host: &#039;GCTHW5H2E&#039;, ip: &#039;192.168.1.130&#039;, os.name: &#039;Windows 10&#039;, os.arch: &#039;amd64&#039;, os.version: &#039;10.0&#039;, java.version: &#039;1.8.0_144&#039;
Driver info: org.openqa.selenium.firefox.FirefoxDriver
Capabilities {acceptInsecureCerts: true, browserName: firefox, browserVersion: 57.0.4, javascriptEnabled: true, moz:accessibilityChecks: false, moz:headless: false, moz:processID: 17364, moz:profile: C:\Users\212672444\AppData\..., moz:webdriverClick: false, pageLoadStrategy: normal, platform: XP, platformName: XP, platformVersion: 10.0, rotatable: false, timeouts: {implicit: 0, pageLoad: 300000, script: 30000}}
Session ID: ca787586-d734-4902-b1f6-801e7b9874cc
*** Element info: {Using=xpath, value=//tr[@class=&#039;dataRow even first&#039;]/td[3]/select}">
      <![CDATA[org.openqa.selenium.NoSuchElementException: Unable to locate element: //tr[@class='dataRow even first']/td[3]/selectFor documentation on this error, please visit: http://seleniumhq.org/exceptions/no_such_element.htmlBuild info: version: '3.7.1', revision: '8a0099a', time: '2017-11-06T21:01:39.354Z'System info: host: 'GCTHW5H2E', ip: '192.168.1.130', os.name: 'Windows 10', os.arch: 'amd64', os.version: '10.0', java.version: '1.8.0_144'Driver info: org.openqa.selenium.firefox.FirefoxDriverCapabilities {acceptInsecureCerts: true, browserName: firefox, browserVersion: 57.0.4, javascriptEnabled: true, moz:accessibilityChecks: false, moz:headless: false, moz:processID: 17364, moz:profile: C:\Users\212672444\AppData\..., moz:webdriverClick: false, pageLoadStrategy: normal, platform: XP, platformName: XP, platformVersion: 10.0, rotatable: false, timeouts: {implicit: 0, pageLoad: 300000, script: 30000}}Session ID: ca787586-d734-4902-b1f6-801e7b9874cc*** Element info: {Using=xpath, value=//tr[@class='dataRow even first']/td[3]/select}at sun.reflect.NativeConstructorAccessorImpl.newInstance0(Native Method)at sun.reflect.NativeConstructorAccessorImpl.newInstance(NativeConstructorAccessorImpl.java:62)at sun.reflect.DelegatingConstructorAccessorImpl.newInstance(DelegatingConstructorAccessorImpl.java:45)at java.lang.reflect.Constructor.newInstance(Constructor.java:423)at org.openqa.selenium.remote.http.W3CHttpResponseCodec.createException(W3CHttpResponseCodec.java:187)at org.openqa.selenium.remote.http.W3CHttpResponseCodec.decode(W3CHttpResponseCodec.java:122)at org.openqa.selenium.remote.http.W3CHttpResponseCodec.decode(W3CHttpResponseCodec.java:49)at org.openqa.selenium.remote.HttpCommandExecutor.execute(HttpCommandExecutor.java:164)at org.openqa.selenium.remote.service.DriverCommandExecutor.execute(DriverCommandExecutor.java:83)at org.openqa.selenium.remote.RemoteWebDriver.execute(RemoteWebDriver.java:600)at org.openqa.selenium.remote.RemoteWebDriver.findElement(RemoteWebDriver.java:370)at org.openqa.selenium.remote.RemoteWebDriver.findElementByXPath(RemoteWebDriver.java:472)at org.openqa.selenium.By$ByXPath.findElement(By.java:361)at org.openqa.selenium.remote.RemoteWebDriver.findElement(RemoteWebDriver.java:362)at org.openqa.selenium.support.pagefactory.DefaultElementLocator.findElement(DefaultElementLocator.java:69)at org.openqa.selenium.support.pagefactory.internal.LocatingElementHandler.invoke(LocatingElementHandler.java:38)at com.sun.proxy.$Proxy9.getTagName(Unknown Source)at org.openqa.selenium.support.ui.Select.<init>(Select.java:44)at org.ge.pageobjects.DC_ServiceMaxSetupPage.createImmediateDispatchProcess(DC_ServiceMaxSetupPage.java:824)at org.ge.dctests.DC_PRTTest.dcImmediateDispatchProcess(DC_PRTTest.java:602)at sun.reflect.NativeMethodAccessorImpl.invoke0(Native Method)at sun.reflect.NativeMethodAccessorImpl.invoke(NativeMethodAccessorImpl.java:62)at sun.reflect.DelegatingMethodAccessorImpl.invoke(DelegatingMethodAccessorImpl.java:43)at java.lang.reflect.Method.invoke(Method.java:498)at org.testng.internal.MethodInvocationHelper.invokeMethod(MethodInvocationHelper.java:124)at org.testng.internal.Invoker.invokeMethod(Invoker.java:571)at org.testng.internal.Invoker.invokeTestMethod(Invoker.java:707)at org.testng.internal.Invoker.invokeTestMethods(Invoker.java:979)at org.testng.internal.TestMethodWorker.invokeTestMethods(TestMethodWorker.java:125)at org.testng.internal.TestMethodWorker.run(TestMethodWorker.java:109)at org.testng.TestRunner.privateRun(TestRunner.java:648)at org.testng.TestRunner.run(TestRunner.java:505)at org.testng.SuiteRunner.runTest(SuiteRunner.java:455)at org.testng.SuiteRunner.runSequentially(SuiteRunner.java:450)at org.testng.SuiteRunner.privateRun(SuiteRunner.java:415)at org.testng.SuiteRunner.run(SuiteRunner.java:364)at org.testng.SuiteRunnerWorker.runSuite(SuiteRunnerWorker.java:52)at org.testng.SuiteRunnerWorker.run(SuiteRunnerWorker.java:84)at org.testng.TestNG.runSuitesSequentially(TestNG.java:1187)at org.testng.TestNG.runSuitesLocally(TestNG.java:1116)at org.testng.TestNG.runSuites(TestNG.java:1028)at org.testng.TestNG.run(TestNG.java:996)at org.apache.maven.surefire.testng.TestNGExecutor.run(TestNGExecutor.java:282)at org.apache.maven.surefire.testng.TestNGXmlTestSuite.execute(TestNGXmlTestSuite.java:83)at org.apache.maven.surefire.testng.TestNGProvider.invoke(TestNGProvider.java:114)at org.apache.maven.surefire.booter.ForkedBooter.invokeProviderInSameClassLoader(ForkedBooter.java:286)at org.apache.maven.surefire.booter.ForkedBooter.runSuitesInProcess(ForkedBooter.java:240)at org.apache.maven.surefire.booter.ForkedBooter.main(ForkedBooter.java:121)]]>
    </error>
  </testcase> <!-- dcImmediateDispatchProcess -->
  <testcase name="dcEventSubjectRule" classname="org.ge.dctests.DC_PRTTest">
    <skipped/>
  </testcase> <!-- dcEventSubjectRule -->
  <testcase name="createChildTerritory" classname="org.ge.dctests.DC_PRTTest">
    <skipped/>
  </testcase> <!-- createChildTerritory -->
  <testcase name="addDispatcherforTerritory" classname="org.ge.dctests.DC_PRTTest">
    <skipped/>
  </testcase> <!-- addDispatcherforTerritory -->
  <testcase name="createTech" classname="org.ge.dctests.DC_PRTTest">
    <skipped/>
  </testcase> <!-- createTech -->
  <testcase name="createTerritory" classname="org.ge.dctests.DC_PRTTest">
    <skipped/>
  </testcase> <!-- createTerritory -->
  <testcase name="locateTechMapRoute" classname="org.ge.dctests.DC_PRTTest">
    <skipped/>
  </testcase> <!-- locateTechMapRoute -->
  <testcase name="createTerritoryCoverage" classname="org.ge.dctests.DC_PRTTest">
    <skipped/>
  </testcase> <!-- createTerritoryCoverage -->
  <testcase name="dcEventFieldUpdatesRule" classname="org.ge.dctests.DC_PRTTest">
    <skipped/>
  </testcase> <!-- dcEventFieldUpdatesRule -->
  <testcase name="createEvent" classname="org.ge.dctests.DC_PRTTest">
    <skipped/>
  </testcase> <!-- createEvent -->
  <testcase name="createTerritoryAddCoverage" classname="org.ge.dctests.DC_PRTTest">
    <skipped/>
  </testcase> <!-- createTerritoryAddCoverage -->
  <testcase name="createTeam" classname="org.ge.dctests.DC_PRTTest">
    <skipped/>
  </testcase> <!-- createTeam -->
  <testcase name="dcEventHoverRule" classname="org.ge.dctests.DC_PRTTest">
    <skipped/>
  </testcase> <!-- dcEventHoverRule -->
  <testcase name="addDispatcherforTeam" classname="org.ge.dctests.DC_PRTTest">
    <skipped/>
  </testcase> <!-- addDispatcherforTeam -->
</testsuite> <!-- org.ge.dctests.DC_PRTTest -->
